2026-07-11 14:33:49.537248 Blade(info): Loading BUILD files...
2026-07-11 14:33:49.573053 Blade(info): Loading done.
2026-07-11 14:33:49.573108 Blade(info): Analyzing dependency graph...
2026-07-11 14:33:49.573156 Blade(info): Analyzing done.
2026-07-11 14:33:49.842900 Blade(debug): system_symbols: /Applications/Xcode_16.4.app/Contents/Developer/Toolchains/XcodeDefault.xctoolchain/usr/lib/clang/17/lib/darwin/libclang_rt.osx.a -> build_release/.cache/system-symbols/libclang_rt.osx.a_9e58ed3d.syms (284 symbols from /Applications/Xcode_16.4.app/Contents/Developer/Toolchains/XcodeDefault.xctoolchain/usr/lib/clang/17/lib/darwin/libclang_rt.osx.a)
2026-07-11 14:33:49.844017 Blade(debug): system_symbols: System -> build_release/.cache/system-symbols/System.syms (9656 symbols from /Applications/Xcode_16.4.app/Contents/Developer/Platforms/MacOSX.platform/Developer/SDKs/MacOSX.sdk/usr/lib/libSystem.B.tbd)
2026-07-11 14:33:49.844328 Blade(debug): system_symbols: c++ -> build_release/.cache/system-symbols/c++.syms (2307 symbols from /Applications/Xcode_16.4.app/Contents/Developer/Platforms/MacOSX.platform/Developer/SDKs/MacOSX.sdk/usr/lib/libc++.1.tbd)
2026-07-11 14:33:49.844402 Blade(debug): system_symbols: c++abi -> build_release/.cache/system-symbols/c++abi.syms (378 symbols from /Applications/Xcode_16.4.app/Contents/Developer/Platforms/MacOSX.platform/Developer/SDKs/MacOSX.sdk/usr/lib/libc++abi.tbd)
2026-07-11 14:33:49.844418 Blade(info): Generating backend build code...
2026-07-11 14:33:50.163540 thirdparty/googletest/BUILD:14: debug: gtest_main: Inclusion information updated
2026-07-11 14:33:50.164057 Blade(debug): Generating build_release/.cache/vcpkg/targets/gtest/gtest_main/gtest_main.build.ninja
2026-07-11 14:33:50.164231 src/util/BUILD:1: debug: version: Inclusion information updated
2026-07-11 14:33:50.164502 Blade(debug): Generating build_release/src/util/version.build.ninja
2026-07-11 14:33:50.164628 thirdparty/googletest/BUILD:28: debug: gmock_main: Inclusion information updated
2026-07-11 14:33:50.164872 Blade(debug): Generating build_release/.cache/vcpkg/targets/gtest/gmock_main/gmock_main.build.ninja
2026-07-11 14:33:50.164990 thirdparty/googletest/BUILD:7: debug: gtest: Inclusion information updated
2026-07-11 14:33:50.165211 Blade(debug): Generating build_release/.cache/vcpkg/targets/gtest/gtest/gtest.build.ninja
2026-07-11 14:33:50.165367 thirdparty/googletest/BUILD:7: debug: gtest: Inclusion information updated
2026-07-11 14:33:50.165521 Blade(debug): Generating build_release/thirdparty/googletest/gtest.build.ninja
2026-07-11 14:33:50.165608 thirdparty/googletest/BUILD:14: debug: gtest_main: Inclusion information updated
2026-07-11 14:33:50.165757 Blade(debug): Generating build_release/thirdparty/googletest/gtest_main.build.ninja
2026-07-11 14:33:50.165845 src/util/BUILD:8: debug: version_test: Inclusion information updated
2026-07-11 14:33:50.166126 Blade(debug): Generating build_release/src/util/version_test.build.ninja
2026-07-11 14:33:50.166253 thirdparty/googletest/BUILD:21: debug: gmock: Inclusion information updated
2026-07-11 14:33:50.166469 Blade(debug): Generating build_release/.cache/vcpkg/targets/gtest/gmock/gmock.build.ninja
2026-07-11 14:33:50.166556 thirdparty/googletest/BUILD:21: debug: gmock: Inclusion information updated
2026-07-11 14:33:50.166696 Blade(debug): Generating build_release/thirdparty/googletest/gmock.build.ninja
2026-07-11 14:33:50.166775 thirdparty/googletest/BUILD:28: debug: gmock_main: Inclusion information updated
2026-07-11 14:33:50.166917 Blade(debug): Generating build_release/thirdparty/googletest/gmock_main.build.ninja
2026-07-11 14:33:50.167421 Blade(info): Generating done.
2026-07-11 14:33:50.167838 Blade(info): Cost time 0.847s
